#
# There is insufficient memory for the Java Runtime Environment to continue.
# Native memory allocation (mmap) failed to map 65536 bytes for Failed to commit metaspace.
# Possible reasons:
#   The system is out of physical RAM or swap space
#   The process is running with CompressedOops enabled, and the Java Heap may be blocking the growth of the native heap
# Possible solutions:
#   Reduce memory load on the system
#   Increase physical memory or swap space
#   Check if swap backing store is full
#   Decrease Java heap size (-Xmx/-Xms)
#   Decrease number of Java threads
#   Decrease Java thread stack sizes (-Xss)
#   Set larger code cache with -XX:ReservedCodeCacheSize=
#   JVM is running with Unscaled Compressed Oops mode in which the Java heap is
#     placed in the first 4GB address space. The Java Heap base address is the
#     maximum limit for the native heap growth. Please use -XX:HeapBaseMinAddress
#     to set the Java Heap base and to place the Java Heap above 4GB virtual address.
# This output file may be truncated or incomplete.
#
#  Out of Memory Error (virtualSpaceNode.cpp:108), pid=12252, tid=15784
#
# JRE version: Java(TM) SE Runtime Environment (16.0.2+7) (build 16.0.2+7-67)
# Java VM: Java HotSpot(TM) 64-Bit Server VM (16.0.2+7-67, mixed mode, sharing, tiered, compressed oops, compressed class ptrs, g1 gc, windows-amd64)
# No core dump will be written. Minidumps are not enabled by default on client versions of Windows
#

---------------  S U M M A R Y ------------

Command Line: -Dfile.encoding=UTF-8 --module-path=C:\Users\Vasanth\Documents\NetBeansProjects\Hospitalmanage\build\classes adddiagnosisinformation

Host: AMD Ryzen 3 3250U with Radeon Graphics         , 4 cores, 3G,  Windows 10 , 64 bit Build 22000 (10.0.22000.708)
Time: Wed Oct  5 20:13:31 2022 India Standard Time elapsed time: 1.412023 seconds (0d 0h 0m 1s)

---------------  T H R E A D  ---------------

Current thread (0x000002acfdee3b10):  JavaThread "AWT-EventQueue-0" [_thread_in_vm, id=15784, stack(0x000000fb5fb00000,0x000000fb5fc00000)]

Stack: [0x000000fb5fb00000,0x000000fb5fc00000]
Native frames: (J=compiled Java code, j=interpreted, Vv=VM code, C=native code)
V  [jvm.dll+0x6681ca]
V  [jvm.dll+0x7c9e69]
V  [jvm.dll+0x7cb61e]
V  [jvm.dll+0x7cbc73]
V  [jvm.dll+0x242c55]
V  [jvm.dll+0x7c64eb]
V  [jvm.dll+0x60ddd6]
V  [jvm.dll+0x60de3a]
V  [jvm.dll+0x61046a]
V  [jvm.dll+0x60e6d1]
V  [jvm.dll+0x2383f6]
V  [jvm.dll+0x1ea2df]
V  [jvm.dll+0x1df631]
V  [jvm.dll+0x535ff8]
V  [jvm.dll+0x1f0d52]
V  [jvm.dll+0x741863]
V  [jvm.dll+0x743108]
V  [jvm.dll+0x743433]
V  [jvm.dll+0x23ab24]
V  [jvm.dll+0x378d96]
C  0x000002ac8001ca78

Java frames: (J=compiled Java code, j=interpreted, Vv=VM code)
j  sun.awt.windows.WToolkit.showOrHideTouchKeyboard(Ljava/awt/Component;Ljava/awt/AWTEvent;)V+1 java.desktop@16.0.2
j  java.awt.Component.dispatchEventImpl(Ljava/awt/AWTEvent;)V+773 java.desktop@16.0.2
j  java.awt.Container.dispatchEventImpl(Ljava/awt/AWTEvent;)V+42 java.desktop@16.0.2
j  java.awt.Component.dispatchEvent(Ljava/awt/AWTEvent;)V+2 java.desktop@16.0.2
j  java.awt.KeyboardFocusManager.redispatchEvent(Ljava/awt/Component;Ljava/awt/AWTEvent;)V+7 java.desktop@16.0.2
j  java.awt.DefaultKeyboardFocusManager.typeAheadAssertions(Ljava/awt/Component;Ljava/awt/AWTEvent;)Z+339 java.desktop@16.0.2
j  java.awt.DefaultKeyboardFocusManager.dispatchEvent(Ljava/awt/AWTEvent;)Z+1062 java.desktop@16.0.2
j  java.awt.Component.dispatchEventImpl(Ljava/awt/AWTEvent;)V+131 java.desktop@16.0.2
j  java.awt.Container.dispatchEventImpl(Ljava/awt/AWTEvent;)V+42 java.desktop@16.0.2
j  java.awt.Component.dispatchEvent(Ljava/awt/AWTEvent;)V+2 java.desktop@16.0.2
j  java.awt.EventQueue.dispatchEventImpl(Ljava/awt/AWTEvent;Ljava/lang/Object;)V+41 java.desktop@16.0.2
j  java.awt.EventQueue$4.run()Ljava/lang/Void;+32 java.desktop@16.0.2
j  java.awt.EventQueue$4.run()Ljava/lang/Object;+1 java.desktop@16.0.2
J 956 c1 java.security.AccessController.doPrivileged(Ljava/security/PrivilegedAction;Ljava/security/AccessControlContext;)Ljava/lang/Object; java.base@16.0.2 (17 bytes) @ 0x000002ac8074ede4 [0x000002ac8074ec00+0x00000000000001e4]
j  java.security.ProtectionDomain$JavaSecurityAccessImpl.doIntersectionPrivilege(Ljava/security/PrivilegedAction;Ljava/security/AccessControlContext;Ljava/security/AccessControlContext;)Ljava/lang/Object;+18 java.base@16.0.2
j  java.security.ProtectionDomain$JavaSecurityAccessImpl.doIntersectionPrivilege(Ljava/security/PrivilegedAction;Ljava/security/AccessControlContext;)Ljava/lang/Object;+6 java.base@16.0.2
j  java.awt.EventQueue$5.run()Ljava/lang/Void;+11 java.desktop@16.0.2
j  java.awt.EventQueue$5.run()Ljava/lang/Object;+1 java.desktop@16.0.2
J 956 c1 java.security.AccessController.doPrivileged(Ljava/security/PrivilegedAction;Ljava/security/AccessControlContext;)Ljava/lang/Object; java.base@16.0.2 (17 bytes) @ 0x000002ac8074ede4 [0x000002ac8074ec00+0x00000000000001e4]
j  java.security.ProtectionDomain$JavaSecurityAccessImpl.doIntersectionPrivilege(Ljava/security/PrivilegedAction;Ljava/security/AccessControlContext;Ljava/security/AccessControlContext;)Ljava/lang/Object;+18 java.base@16.0.2
j  java.awt.EventQueue.dispatchEvent(Ljava/awt/AWTEvent;)V+73 java.desktop@16.0.2
j  java.awt.EventDispatchThread.pumpOneEventForFilters(I)V+78 java.desktop@16.0.2
j  java.awt.EventDispatchThread.pumpEventsForFilter(ILjava/awt/Conditional;Ljava/awt/EventFilter;)V+35 java.desktop@16.0.2
j  java.awt.EventDispatchThread.pumpEventsForHierarchy(ILjava/awt/Conditional;Ljava/awt/Component;)V+11 java.desktop@16.0.2
j  java.awt.EventDispatchThread.pumpEvents(ILjava/awt/Conditional;)V+4 java.desktop@16.0.2
j  java.awt.EventDispatchThread.pumpEvents(Ljava/awt/Conditional;)V+3 java.desktop@16.0.2
j  java.awt.EventDispatchThread.run()V+9 java.desktop@16.0.2
v  ~StubRoutines::call_stub

---------------  P R O C E S S  ---------------

Threads class SMR info:
_java_thread_list=0x000002acffae0d40, length=19, elements={
0x000002acef60bf60, 0x000002acef60c680, 0x000002acfd065990, 0x000002acfd0872c0,
0x000002acfd087bd0, 0x000002acfd0884e0, 0x000002acfd08c620, 0x000002acfd095030,
0x000002acfd0a7970, 0x000002acfdc286c0, 0x000002acfdc90540, 0x000002acfde7d460,
0x000002acfdeb4560, 0x000002acfde7d980, 0x000002acfdee3b10, 0x000002acef529680,
0x000002acffa46410, 0x000002acffb74300, 0x000002acffbc91d0
}

Java Threads: ( => current thread )
  0x000002acef60bf60 JavaThread "Reference Handler" daemon [_thread_blocked, id=16972, stack(0x000000fb5ec00000,0x000000fb5ed00000)]
  0x000002acef60c680 JavaThread "Finalizer" daemon [_thread_blocked, id=8536, stack(0x000000fb5ed00000,0x000000fb5ee00000)]
  0x000002acfd065990 JavaThread "Signal Dispatcher" daemon [_thread_blocked, id=17672, stack(0x000000fb5ee00000,0x000000fb5ef00000)]
  0x000002acfd0872c0 JavaThread "Attach Listener" daemon [_thread_blocked, id=16020, stack(0x000000fb5ef00000,0x000000fb5f000000)]
  0x000002acfd087bd0 JavaThread "Service Thread" daemon [_thread_blocked, id=4404, stack(0x000000fb5f000000,0x000000fb5f100000)]
  0x000002acfd0884e0 JavaThread "Monitor Deflation Thread" daemon [_thread_blocked, id=21136, stack(0x000000fb5f100000,0x000000fb5f200000)]
  0x000002acfd08c620 JavaThread "C2 CompilerThread0" daemon [_thread_blocked, id=16260, stack(0x000000fb5f200000,0x000000fb5f300000)]
  0x000002acfd095030 JavaThread "C1 CompilerThread0" daemon [_thread_blocked, id=10532, stack(0x000000fb5f300000,0x000000fb5f400000)]
  0x000002acfd0a7970 JavaThread "Sweeper thread" daemon [_thread_blocked, id=21348, stack(0x000000fb5f400000,0x000000fb5f500000)]
  0x000002acfdc286c0 JavaThread "Common-Cleaner" daemon [_thread_blocked, id=4128, stack(0x000000fb5f500000,0x000000fb5f600000)]
  0x000002acfdc90540 JavaThread "Notification Thread" daemon [_thread_blocked, id=20812, stack(0x000000fb5f600000,0x000000fb5f700000)]
  0x000002acfde7d460 JavaThread "Java2D Disposer" daemon [_thread_blocked, id=13208, stack(0x000000fb5f800000,0x000000fb5f900000)]
  0x000002acfdeb4560 JavaThread "AWT-Shutdown" [_thread_blocked, id=18652, stack(0x000000fb5f900000,0x000000fb5fa00000)]
  0x000002acfde7d980 JavaThread "AWT-Windows" daemon [_thread_in_native, id=5868, stack(0x000000fb5fa00000,0x000000fb5fb00000)]
=>0x000002acfdee3b10 JavaThread "AWT-EventQueue-0" [_thread_in_vm, id=15784, stack(0x000000fb5fb00000,0x000000fb5fc00000)]
  0x000002acef529680 JavaThread "DestroyJavaVM" [_thread_blocked, id=14048, stack(0x000000fb5e500000,0x000000fb5e600000)]
  0x000002acffa46410 JavaThread "Image Fetcher 0" daemon [_thread_blocked, id=11020, stack(0x000000fb60200000,0x000000fb60300000)]
  0x000002acffb74300 JavaThread "D3D Screen Updater" daemon [_thread_blocked, id=9484, stack(0x000000fb60400000,0x000000fb60500000)]
  0x000002acffbc91d0 JavaThread "TimerQueue" daemon [_thread_in_vm, id=264, stack(0x000000fb60500000,0x000000fb60600000)]

Other Threads:
  0x000002acfd055120 VMThread "VM Thread" [stack: 0x000000fb5eb00000,0x000000fb5ec00000] [id=19612]
  0x000002acef52b460 WatcherThread [stack: 0x000000fb5f700000,0x000000fb5f800000] [id=15536]
  0x000002acef5593b0 GCTaskThread "GC Thread#0" [stack: 0x000000fb5e600000,0x000000fb5e700000] [id=17384]
  0x000002acef5610e0 ConcurrentGCThread "G1 Main Marker" [stack: 0x000000fb5e700000,0x000000fb5e800000] [id=12988]
  0x000002acef562200 ConcurrentGCThread "G1 Conc#0" [stack: 0x000000fb5e800000,0x000000fb5e900000] [id=19048]
  0x000002acef59ed10 ConcurrentGCThread "G1 Refine#0" [stack: 0x000000fb5e900000,0x000000fb5ea00000] [id=18668]
  0x000002acef5a0550 ConcurrentGCThread "G1 Service" [stack: 0x000000fb5ea00000,0x000000fb5eb00000] [id=9956]

Threads with active compile tasks:

VM state: not at safepoint (normal execution)

VM Mutex/Monitor currently owned by a thread:  ([mutex/lock_event])
[0x000002acef524690] MetaspaceExpand_lock - owner thread: 0x000002acfdee3b10

Heap address: 0x00000000c9c00000, size: 868 MB, Compressed Oops mode: 32-bit

CDS archive(s) mapped at: [0x0000000800000000-0x0000000800bb0000-0x0000000800bb0000), size 12255232, SharedBaseAddress: 0x0000000800000000, ArchiveRelocationMode: 0.
Compressed class space mapped at: 0x0000000800c00000-0x0000000840c00000, reserved size: 1073741824
Narrow klass base: 0x0000000800000000, Narrow klass shift: 3, Narrow klass range: 0x100000000

GC Precious Log:
 CPUs: 4 total, 4 available
 Memory: 3470M
 Large Page Support: Disabled
 NUMA Support: Disabled
 Compressed Oops: Enabled (32-bit)
 Heap Region Size: 1M
 Heap Min Capacity: 8M
 Heap Initial Capacity: 56M
 Heap Max Capacity: 868M
 Pre-touch: Disabled
 Parallel Workers: 4
 Concurrent Workers: 1
 Concurrent Refinement Workers: 4
 Periodic GC: Disabled

Heap:
 garbage-first heap   total 57344K, used 13312K [0x00000000c9c00000, 0x0000000100000000)
  region size 1024K, 12 young (12288K), 0 survivors (0K)
 Metaspace       used 11781K, committed 11968K, reserved 1064960K
  class space    used 1393K, committed 1536K, reserved 1048576K

Heap Regions: E=young(eden), S=young(survivor), O=old, HS=humongous(starts), HC=humongous(continues), CS=collection set, F=free, OA=open archive, CA=closed archive, TAMS=top-at-mark-start (previous, next)
|   0|0x00000000c9c00000, 0x00000000c9d00000, 0x00000000c9d00000|100%|HS|  |TAMS 0x00000000c9c00000, 0x00000000c9c00000| Complete 
|   1|0x00000000c9d00000, 0x00000000c9e00000, 0x00000000c9e00000|100%|HC|  |TAMS 0x00000000c9d00000, 0x00000000c9d00000| Complete 
|   2|0x00000000c9e00000, 0x00000000c9e00000, 0x00000000c9f00000|  0%| F|  |TAMS 0x00000000c9e00000, 0x00000000c9e00000| Untracked 
|   3|0x00000000c9f00000, 0x00000000c9f00000, 0x00000000ca000000|  0%| F|  |TAMS 0x00000000c9f00000, 0x00000000c9f00000| Untracked 
|   4|0x00000000ca000000, 0x00000000ca000000, 0x00000000ca100000|  0%| F|  |TAMS 0x00000000ca000000, 0x00000000ca000000| Untracked 
|   5|0x00000000ca100000, 0x00000000ca100000, 0x00000000ca200000|  0%| F|  |TAMS 0x00000000ca100000, 0x00000000ca100000| Untracked 
|   6|0x00000000ca200000, 0x00000000ca200000, 0x00000000ca300000|  0%| F|  |TAMS 0x00000000ca200000, 0x00000000ca200000| Untracked 
|   7|0x00000000ca300000, 0x00000000ca300000, 0x00000000ca400000|  0%| F|  |TAMS 0x00000000ca300000, 0x00000000ca300000| Untracked 
|   8|0x00000000ca400000, 0x00000000ca400000, 0x00000000ca500000|  0%| F|  |TAMS 0x00000000ca400000, 0x00000000ca400000| Untracked 
|   9|0x00000000ca500000, 0x00000000ca500000, 0x00000000ca600000|  0%| F|  |TAMS 0x00000000ca500000, 0x00000000ca500000| Untracked 
|  10|0x00000000ca600000, 0x00000000ca600000, 0x00000000ca700000|  0%| F|  |TAMS 0x00000000ca600000, 0x00000000ca600000| Untracked 
|  11|0x00000000ca700000, 0x00000000ca700000, 0x00000000ca800000|  0%| F|  |TAMS 0x00000000ca700000, 0x00000000ca700000| Untracked 
|  12|0x00000000ca800000, 0x00000000ca800000, 0x00000000ca900000|  0%| F|  |TAMS 0x00000000ca800000, 0x00000000ca800000| Untracked 
|  13|0x00000000ca900000, 0x00000000ca900000, 0x00000000caa00000|  0%| F|  |TAMS 0x00000000ca900000, 0x00000000ca900000| Untracked 
|  14|0x00000000caa00000, 0x00000000caa00000, 0x00000000cab00000|  0%| F|  |TAMS 0x00000000caa00000, 0x00000000caa00000| Untracked 
|  15|0x00000000cab00000, 0x00000000cab00000, 0x00000000cac00000|  0%| F|  |TAMS 0x00000000cab00000, 0x00000000cab00000| Untracked 
|  16|0x00000000cac00000, 0x00000000cac00000, 0x00000000cad00000|  0%| F|  |TAMS 0x00000000cac00000, 0x00000000cac00000| Untracked 
|  17|0x00000000cad00000, 0x00000000cad00000, 0x00000000cae00000|  0%| F|  |TAMS 0x00000000cad00000, 0x00000000cad00000| Untracked 
|  18|0x00000000cae00000, 0x00000000cae00000, 0x00000000caf00000|  0%| F|  |TAMS 0x00000000cae00000, 0x00000000cae00000| Untracked 
|  19|0x00000000caf00000, 0x00000000caf00000, 0x00000000cb000000|  0%| F|  |TAMS 0x00000000caf00000, 0x00000000caf00000| Untracked 
|  20|0x00000000cb000000, 0x00000000cb000000, 0x00000000cb100000|  0%| F|  |TAMS 0x00000000cb000000, 0x00000000cb000000| Untracked 
|  21|0x00000000cb100000, 0x00000000cb100000, 0x00000000cb200000|  0%| F|  |TAMS 0x00000000cb100000, 0x00000000cb100000| Untracked 
|  22|0x00000000cb200000, 0x00000000cb200000, 0x00000000cb300000|  0%| F|  |TAMS 0x00000000cb200000, 0x00000000cb200000| Untracked 
|  23|0x00000000cb300000, 0x00000000cb300000, 0x00000000cb400000|  0%| F|  |TAMS 0x00000000cb300000, 0x00000000cb300000| Untracked 
|  24|0x00000000cb400000, 0x00000000cb400000, 0x00000000cb500000|  0%| F|  |TAMS 0x00000000cb400000, 0x00000000cb400000| Untracked 
|  25|0x00000000cb500000, 0x00000000cb500000, 0x00000000cb600000|  0%| F|  |TAMS 0x00000000cb500000, 0x00000000cb500000| Untracked 
|  26|0x00000000cb600000, 0x00000000cb600000, 0x00000000cb700000|  0%| F|  |TAMS 0x00000000cb600000, 0x00000000cb600000| Untracked 
|  27|0x00000000cb700000, 0x00000000cb700000, 0x00000000cb800000|  0%| F|  |TAMS 0x00000000cb700000, 0x00000000cb700000| Untracked 
|  28|0x00000000cb800000, 0x00000000cb800000, 0x00000000cb900000|  0%| F|  |TAMS 0x00000000cb800000, 0x00000000cb800000| Untracked 
|  29|0x00000000cb900000, 0x00000000cb900000, 0x00000000cba00000|  0%| F|  |TAMS 0x00000000cb900000, 0x00000000cb900000| Untracked 
|  30|0x00000000cba00000, 0x00000000cba00000, 0x00000000cbb00000|  0%| F|  |TAMS 0x00000000cba00000, 0x00000000cba00000| Untracked 
|  31|0x00000000cbb00000, 0x00000000cbb00000, 0x00000000cbc00000|  0%| F|  |TAMS 0x00000000cbb00000, 0x00000000cbb00000| Untracked 
|  32|0x00000000cbc00000, 0x00000000cbc00000, 0x00000000cbd00000|  0%| F|  |TAMS 0x00000000cbc00000, 0x00000000cbc00000| Untracked 
|  33|0x00000000cbd00000, 0x00000000cbd00000, 0x00000000cbe00000|  0%| F|  |TAMS 0x00000000cbd00000, 0x00000000cbd00000| Untracked 
|  34|0x00000000cbe00000, 0x00000000cbe00000, 0x00000000cbf00000|  0%| F|  |TAMS 0x00000000cbe00000, 0x00000000cbe00000| Untracked 
|  35|0x00000000cbf00000, 0x00000000cbf00000, 0x00000000cc000000|  0%| F|  |TAMS 0x00000000cbf00000, 0x00000000cbf00000| Untracked 
|  36|0x00000000cc000000, 0x00000000cc000000, 0x00000000cc100000|  0%| F|  |TAMS 0x00000000cc000000, 0x00000000cc000000| Untracked 
|  37|0x00000000cc100000, 0x00000000cc100000, 0x00000000cc200000|  0%| F|  |TAMS 0x00000000cc100000, 0x00000000cc100000| Untracked 
|  38|0x00000000cc200000, 0x00000000cc200000, 0x00000000cc300000|  0%| F|  |TAMS 0x00000000cc200000, 0x00000000cc200000| Untracked 
|  39|0x00000000cc300000, 0x00000000cc300000, 0x00000000cc400000|  0%| F|  |TAMS 0x00000000cc300000, 0x00000000cc300000| Untracked 
|  40|0x00000000cc400000, 0x00000000cc400000, 0x00000000cc500000|  0%| F|  |TAMS 0x00000000cc400000, 0x00000000cc400000| Untracked 
|  41|0x00000000cc500000, 0x00000000cc500000, 0x00000000cc600000|  0%| F|  |TAMS 0x00000000cc500000, 0x00000000cc500000| Untracked 
|  42|0x00000000cc600000, 0x00000000cc600000, 0x00000000cc700000|  0%| F|  |TAMS 0x00000000cc600000, 0x00000000cc600000| Untracked 
|  43|0x00000000cc700000, 0x00000000cc700000, 0x00000000cc800000|  0%| F|  |TAMS 0x00000000cc700000, 0x00000000cc700000| Untracked 
|  44|0x00000000cc800000, 0x00000000cc900000, 0x00000000cc900000|100%| E|  |TAMS 0x00000000cc800000, 0x00000000cc800000| Complete 
|  45|0x00000000cc900000, 0x00000000cca00000, 0x00000000cca00000|100%| E|CS|TAMS 0x00000000cc900000, 0x00000000cc900000| Complete 
|  46|0x00000000cca00000, 0x00000000ccb00000, 0x00000000ccb00000|100%| E|CS|TAMS 0x00000000cca00000, 0x00000000cca00000| Complete 
|  47|0x00000000ccb00000, 0x00000000ccc00000, 0x00000000ccc00000|100%| E|CS|TAMS 0x00000000ccb00000, 0x00000000ccb00000| Complete 
|  48|0x00000000ccc00000, 0x00000000ccd00000, 0x00000000ccd00000|100%| E|CS|TAMS 0x00000000ccc00000, 0x00000000ccc00000| Complete 
|  49|0x00000000ccd00000, 0x00000000cce00000, 0x00000000cce00000|100%| E|CS|TAMS 0x00000000ccd00000, 0x00000000ccd00000| Complete 
|  50|0x00000000cce00000, 0x00000000ccf00000, 0x00000000ccf00000|100%| E|CS|TAMS 0x00000000cce00000, 0x00000000cce00000| Complete 
|  51|0x00000000ccf00000, 0x00000000cd000000, 0x00000000cd000000|100%| E|CS|TAMS 0x00000000ccf00000, 0x00000000ccf00000| Complete 
|  52|0x00000000cd000000, 0x00000000cd100000, 0x00000000cd100000|100%| E|CS|TAMS 0x00000000cd000000, 0x00000000cd000000| Complete 
|  53|0x00000000cd100000, 0x00000000cd200000, 0x00000000cd200000|100%| E|CS|TAMS 0x00000000cd100000, 0x00000000cd100000| Complete 
|  54|0x00000000cd200000, 0x00000000cd300000, 0x00000000cd300000|100%| E|CS|TAMS 0x00000000cd200000, 0x00000000cd200000| Complete 
|  55|0x00000000cd300000, 0x00000000cd400000, 0x00000000cd400000|100%| E|CS|TAMS 0x00000000cd300000, 0x00000000cd300000| Complete 

Card table byte_map: [0x000002acf8c90000,0x000002acf8e50000] _byte_map_base: 0x000002acf8642000

Marking Bits (Prev, Next): (CMBitMap*) 0x000002acef559930, (CMBitMap*) 0x000002acef559970
 Prev Bits: [0x000002acf9010000, 0x000002acf9da0000)
 Next Bits: [0x000002acf9da0000, 0x000002acfab30000)

Polling page: 0x000002acef610000

Metaspace:

Usage:
  Non-class:     10.14 MB used.
      Class:      1.36 MB used.
       Both:     11.51 MB used.

Virtual space:
  Non-class space:       16.00 MB reserved,      10.19 MB ( 64%) committed,  2 nodes.
      Class space:        1.00 GB reserved,       1.50 MB ( <1%) committed,  1 nodes.
              Both:        1.02 GB reserved,      11.69 MB (  1%) committed. 

Chunk freelists:
   Non-Class:  1.00 MB
       Class:  2.55 MB
        Both:  3.55 MB

MaxMetaspaceSize: 17179869184.00 GB
CompressedClassSpaceSize: 1.00 GB
 - commit_granule_bytes: 65536.
 - commit_granule_words: 8192.
 - virtual_space_node_default_size: 1048576.
 - enlarge_chunks_in_place: 1.
 - new_chunks_are_fully_committed: 0.
 - uncommit_free_chunks: 1.
 - use_allocation_guard: 0.
 - handle_deallocations: 1.


Internal statistics:

num_allocs_failed_limit: 0.
num_arena_births: 122.
num_arena_deaths: 0.
num_vsnodes_births: 3.
num_vsnodes_deaths: 0.
num_space_committed: 187.
num_space_uncommitted: 0.
num_chunks_returned_to_freelist: 0.
num_chunks_taken_from_freelist: 186.
num_chunk_merges: 0.
num_chunk_splits: 100.
num_chunks_enlarged: 38.
num_purges: 0.

CodeHeap 'non-profiled nmethods': size=120000Kb used=371Kb max_used=371Kb free=119628Kb
 bounds [0x000002ac87ad0000, 0x000002ac87d40000, 0x000002ac8f000000]
CodeHeap 'profiled nmethods': size=120000Kb used=2335Kb max_used=2335Kb free=117664Kb
 bounds [0x000002ac805a0000, 0x000002ac80810000, 0x000002ac87ad0000]
CodeHeap 'non-nmethods': size=5760Kb used=1335Kb max_used=1348Kb free=4424Kb
 bounds [0x000002ac80000000, 0x000002ac80270000, 0x000002ac805a0000]
 total_blobs=2001 nmethods=1329 adapters=585
 compilation: enabled
              stopped_count=0, restarted_count=0
 full_count=0

Compilation events (20 events):
Event: 1.365 Thread 0x000002acfd095030 1320       3       sun.java2d.pipe.BufferedContext::setTransform (93 bytes)
Event: 1.366 Thread 0x000002acfd095030 nmethod 1320 0x000002ac807e5210 code [0x000002ac807e5480, 0x000002ac807e5c28]
Event: 1.366 Thread 0x000002acfd095030 1321       1       java.awt.geom.Point2D$Double::getX (5 bytes)
Event: 1.366 Thread 0x000002acfd095030 nmethod 1321 0x000002ac87b2c490 code [0x000002ac87b2c620, 0x000002ac87b2c6f8]
Event: 1.367 Thread 0x000002acfd095030 1322       1       java.awt.geom.Point2D$Double::getY (5 bytes)
Event: 1.367 Thread 0x000002acfd095030 nmethod 1322 0x000002ac87b2c790 code [0x000002ac87b2c920, 0x000002ac87b2c9f8]
Event: 1.367 Thread 0x000002acfd095030 1323       3       sun.java2d.pipe.RenderBuffer::position (11 bytes)
Event: 1.367 Thread 0x000002acfd095030 nmethod 1323 0x000002ac807e6010 code [0x000002ac807e61a0, 0x000002ac807e62b8]
Event: 1.367 Thread 0x000002acfd095030 1324       3       javax.swing.plaf.nimbus.AbstractRegionPainter::decodeX (87 bytes)
Event: 1.367 Thread 0x000002acfd095030 nmethod 1324 0x000002ac807e6390 code [0x000002ac807e65a0, 0x000002ac807e6a68]
Event: 1.367 Thread 0x000002acfd095030 1326       3       sun.java2d.SurfaceData::getTransparency (8 bytes)
Event: 1.367 Thread 0x000002acfd095030 nmethod 1326 0x000002ac807e6b10 code [0x000002ac807e6cc0, 0x000002ac807e6ea8]
Event: 1.367 Thread 0x000002acfd095030 1325       3       javax.swing.plaf.nimbus.AbstractRegionPainter::decodeY (87 bytes)
Event: 1.368 Thread 0x000002acfd095030 nmethod 1325 0x000002ac807e6f90 code [0x000002ac807e71a0, 0x000002ac807e7668]
Event: 1.368 Thread 0x000002acfd095030 1327       3       sun.java2d.SunGraphics2D::dispose (12 bytes)
Event: 1.368 Thread 0x000002acfd095030 nmethod 1327 0x000002ac807e7710 code [0x000002ac807e78c0, 0x000002ac807e7a68]
Event: 1.368 Thread 0x000002acfd095030 1328       3       javax.swing.plaf.synth.SynthContext::isSubregion (8 bytes)
Event: 1.368 Thread 0x000002acfd095030 nmethod 1328 0x000002ac807e7b10 code [0x000002ac807e7cc0, 0x000002ac807e7e38]
Event: 1.369 Thread 0x000002acfd08c620 1329       4       java.util.HashMap$HashIterator::hasNext (13 bytes)
Event: 1.370 Thread 0x000002acfd08c620 nmethod 1329 0x000002ac87b2ca90 code [0x000002ac87b2cc00, 0x000002ac87b2cc98]

GC Heap History (0 events):
No events

Deoptimization events (20 events):
Event: 0.973 Thread 0x000002acfdee3b10 Uncommon trap: trap_request=0xffffffde fr.pc=0x000002ac87b0671c relative=0x000000000000037c
Event: 0.973 Thread 0x000002acfdee3b10 Uncommon trap: reason=class_check action=maybe_recompile pc=0x000002ac87b0671c method=javax.swing.plaf.nimbus.DerivedColor$UIResource.equals(Ljava/lang/Object;)Z @ 1 c2
Event: 0.973 Thread 0x000002acfdee3b10 DEOPT PACKING pc=0x000002ac87b0671c sp=0x000000fb5fbfea30
Event: 0.973 Thread 0x000002acfdee3b10 DEOPT UNPACKING pc=0x000002ac8004d72e sp=0x000000fb5fbfe9e0 mode 2
Event: 1.106 Thread 0x000002acfdee3b10 Uncommon trap: trap_request=0xffffffde fr.pc=0x000002ac87ae0e38 relative=0x0000000000000198
Event: 1.106 Thread 0x000002acfdee3b10 Uncommon trap: reason=class_check action=maybe_recompile pc=0x000002ac87ae0e38 method=java.lang.String.equals(Ljava/lang/Object;)Z @ 8 c2
Event: 1.106 Thread 0x000002acfdee3b10 DEOPT PACKING pc=0x000002ac87ae0e38 sp=0x000000fb5fbfd800
Event: 1.106 Thread 0x000002acfdee3b10 DEOPT UNPACKING pc=0x000002ac8004d72e sp=0x000000fb5fbfd798 mode 2
Event: 1.146 Thread 0x000002acfdee3b10 Uncommon trap: trap_request=0xffffffde fr.pc=0x000002ac87ae0e38 relative=0x0000000000000198
Event: 1.146 Thread 0x000002acfdee3b10 Uncommon trap: reason=class_check action=maybe_recompile pc=0x000002ac87ae0e38 method=java.lang.String.equals(Ljava/lang/Object;)Z @ 8 c2
Event: 1.146 Thread 0x000002acfdee3b10 DEOPT PACKING pc=0x000002ac87ae0e38 sp=0x000000fb5fbfd930
Event: 1.146 Thread 0x000002acfdee3b10 DEOPT UNPACKING pc=0x000002ac8004d72e sp=0x000000fb5fbfd8c8 mode 2
Event: 1.146 Thread 0x000002acfdee3b10 Uncommon trap: trap_request=0xffffffde fr.pc=0x000002ac87ae0e38 relative=0x0000000000000198
Event: 1.146 Thread 0x000002acfdee3b10 Uncommon trap: reason=class_check action=maybe_recompile pc=0x000002ac87ae0e38 method=java.lang.String.equals(Ljava/lang/Object;)Z @ 8 c2
Event: 1.146 Thread 0x000002acfdee3b10 DEOPT PACKING pc=0x000002ac87ae0e38 sp=0x000000fb5fbfda50
Event: 1.146 Thread 0x000002acfdee3b10 DEOPT UNPACKING pc=0x000002ac8004d72e sp=0x000000fb5fbfd9e8 mode 2
Event: 1.149 Thread 0x000002acfdee3b10 Uncommon trap: trap_request=0xffffffde fr.pc=0x000002ac87ae0e38 relative=0x0000000000000198
Event: 1.149 Thread 0x000002acfdee3b10 Uncommon trap: reason=class_check action=maybe_recompile pc=0x000002ac87ae0e38 method=java.lang.String.equals(Ljava/lang/Object;)Z @ 8 c2
Event: 1.149 Thread 0x000002acfdee3b10 DEOPT PACKING pc=0x000002ac87ae0e38 sp=0x000000fb5fbfdc10
Event: 1.149 Thread 0x000002acfdee3b10 DEOPT UNPACKING pc=0x000002ac8004d72e sp=0x000000fb5fbfdba8 mode 2

Classes unloaded (0 events):
No events

Classes redefined (0 events):
No events

Internal exceptions (20 events):
Event: 0.447 Thread 0x000002acef529680 Exception <a 'java/lang/ClassNotFoundException'{0x00000000ccfd4ca0}: ToolBar> (0x00000000ccfd4ca0) 
thrown [t:\workspace\open\src\hotspot\share\classfile\systemDictionary.cpp, line 256]
Event: 0.447 Thread 0x000002acef529680 Exception <a 'java/lang/ClassNotFoundException'{0x00000000ccfd5198}: ToolBar> (0x00000000ccfd5198) 
thrown [t:\workspace\open\src\hotspot\share\classfile\systemDictionary.cpp, line 256]
Event: 0.447 Thread 0x000002acef529680 Exception <a 'java/lang/ClassNotFoundException'{0x00000000ccfd54f8}: Button> (0x00000000ccfd54f8) 
thrown [t:\workspace\open\src\hotspot\share\classfile\systemDictionary.cpp, line 256]
Event: 0.447 Thread 0x000002acef529680 Exception <a 'java/lang/ClassNotFoundException'{0x00000000ccfd59c0}: ToolBar> (0x00000000ccfd59c0) 
thrown [t:\workspace\open\src\hotspot\share\classfile\systemDictionary.cpp, line 256]
Event: 0.447 Thread 0x000002acef529680 Exception <a 'java/lang/ClassNotFoundException'{0x00000000ccfd5d30}: ToggleButton> (0x00000000ccfd5d30) 
thrown [t:\workspace\open\src\hotspot\share\classfile\systemDictionary.cpp, line 256]
Event: 0.447 Thread 0x000002acef529680 Exception <a 'java/lang/ClassNotFoundException'{0x00000000ccfd6170}: javax/swing/JToolBarSeparator> (0x00000000ccfd6170) 
thrown [t:\workspace\open\src\hotspot\share\classfile\systemDictionary.cpp, line 256]
Event: 0.447 Thread 0x000002acef529680 Exception <a 'java/lang/ClassNotFoundException'{0x00000000ccfd6478}: ToolBarSeparator> (0x00000000ccfd6478) 
thrown [t:\workspace\open\src\hotspot\share\classfile\systemDictionary.cpp, line 256]
Event: 0.447 Thread 0x000002acef529680 Exception <a 'java/lang/ClassNotFoundException'{0x00000000ccfd6990}: ToolTip> (0x00000000ccfd6990) 
thrown [t:\workspace\open\src\hotspot\share\classfile\systemDictionary.cpp, line 256]
Event: 0.449 Thread 0x000002acef529680 Exception <a 'java/lang/ClassNotFoundException'{0x00000000ccfd72e0}: Tree> (0x00000000ccfd72e0) 
thrown [t:\workspace\open\src\hotspot\share\classfile\systemDictionary.cpp, line 256]
Event: 0.449 Thread 0x000002acef529680 Exception <a 'java/lang/ClassNotFoundException'{0x00000000ccfd77d8}: Tree> (0x00000000ccfd77d8) 
thrown [t:\workspace\open\src\hotspot\share\classfile\systemDictionary.cpp, line 256]
Event: 0.449 Thread 0x000002acef529680 Exception <a 'java/lang/ClassNotFoundException'{0x00000000ccfd7b48}: javax/swing/JTreeCell> (0x00000000ccfd7b48) 
thrown [t:\workspace\open\src\hotspot\share\classfile\systemDictionary.cpp, line 256]
Event: 0.449 Thread 0x000002acef529680 Exception <a 'java/lang/ClassNotFoundException'{0x00000000ccfd7e48}: TreeCell> (0x00000000ccfd7e48) 
thrown [t:\workspace\open\src\hotspot\share\classfile\systemDictionary.cpp, line 256]
Event: 0.450 Thread 0x000002acef529680 Exception <a 'java/lang/ClassNotFoundException'{0x00000000ccfd8608}: RootPane> (0x00000000ccfd8608) 
thrown [t:\workspace\open\src\hotspot\share\classfile\systemDictionary.cpp, line 256]
Event: 0.453 Thread 0x000002acef529680 Exception <a 'java/lang/ClassNotFoundException'{0x00000000ccfdb458}: com/sun/swing/internal/plaf/metal/resources/spi/metalProvider> (0x00000000ccfdb458) 
thrown [t:\workspace\open\src\hotspot\share\classfile\systemDictionary.cpp, line 256]
Event: 0.454 Thread 0x000002acef529680 Exception <a 'java/lang/ClassNotFoundException'{0x00000000ccfdf458}: com/sun/swing/internal/plaf/basic/resources/spi/basicProvider> (0x00000000ccfdf458) 
thrown [t:\workspace\open\src\hotspot\share\classfile\systemDictionary.cpp, line 256]
Event: 0.660 Thread 0x000002acfdee3b10 Exception <a 'java/lang/ClassNotFoundException'{0x00000000cce58c20}: com/sun/swing/internal/plaf/synth/resources/spi/synthProvider> (0x00000000cce58c20) 
thrown [t:\workspace\open\src\hotspot\share\classfile\systemDictionary.cpp, line 256]
Event: 0.807 Thread 0x000002acfdee3b10 Implicit null exception at 0x000002ac87af312f to 0x000002ac87af31ad
Event: 0.957 Thread 0x000002acffa46410 Exception <a 'java/lang/NoSuchMethodError'{0x00000000ccb447f8}: 'java.lang.Object java.lang.invoke.DirectMethodHandle$Holder.newInvokeSpecial(java.lang.Object, java.lang.Object, java.lang.Object, int, int, int, int, int)'> (0x00000000ccb447f8) 
thrown [t:\workspace\open\src\hotspot\share\interpreter\linkResolver.cpp, line 790]
Event: 1.008 Thread 0x000002acfde7d980 Exception <a 'java/lang/NoSuchMethodError'{0x00000000cd0528b0}: 'void java.lang.invoke.DirectMethodHandle$Holder.invokeVirtual(java.lang.Object, java.lang.Object)'> (0x00000000cd0528b0) 
thrown [t:\workspace\open\src\hotspot\share\interpreter\linkResolver.cpp, line 790]
Event: 1.034 Thread 0x000002acfdee3b10 Exception <a 'java/lang/NoSuchMethodError'{0x00000000cc909bc0}: 'void java.lang.invoke.DirectMethodHandle$Holder.invokeStaticInit(java.lang.Object)'> (0x00000000cc909bc0) 
thrown [t:\workspace\open\src\hotspot\share\interpreter\linkResolver.cpp, line 790]

Events (20 events):
Event: 1.380 loading class java/text/AttributedString$AttributedStringIterator
Event: 1.381 loading class java/text/AttributedCharacterIterator
Event: 1.381 loading class java/text/AttributedCharacterIterator done
Event: 1.381 loading class java/text/AttributedString$AttributedStringIterator done
Event: 1.381 loading class javax/swing/TimerQueue
Event: 1.393 loading class javax/swing/TimerQueue done
Event: 1.393 loading class java/util/concurrent/DelayQueue
Event: 1.394 loading class java/util/concurrent/BlockingQueue
Event: 1.394 loading class java/util/concurrent/BlockingQueue done
Event: 1.394 loading class java/util/concurrent/DelayQueue done
Event: 1.394 loading class java/util/PriorityQueue
Event: 1.395 loading class java/util/PriorityQueue done
Event: 1.396 Thread 0x000002acffbc91d0 Thread added: 0x000002acffbc91d0
Event: 1.396 loading class javax/swing/TimerQueue$DelayedTimer
Event: 1.396 loading class java/util/concurrent/Delayed
Event: 1.396 loading class java/util/concurrent/Delayed done
Event: 1.396 loading class javax/swing/TimerQueue$DelayedTimer done
Event: 1.397 loading class java/util/concurrent/TimeUnit$1
Event: 1.397 loading class java/awt/TextComponent
Event: 1.397 loading class java/util/concurrent/TimeUnit$1 done


Dynamic libraries:
0x00007ff7cad00000 - 0x00007ff7cad10000 	C:\Program Files\Java\jdk-16.0.2\bin\java.exe
0x00007ffdba060000 - 0x00007ffdba269000 	C:\WINDOWS\SYSTEM32\ntdll.dll
0x00007ffdb84e0000 - 0x00007ffdb859d000 	C:\WINDOWS\System32\KERNEL32.DLL
0x00007ffdb7660000 - 0x00007ffdb79dd000 	C:\WINDOWS\System32\KERNELBASE.dll
0x00007ffdb7dd0000 - 0x00007ffdb7ee1000 	C:\WINDOWS\System32\ucrtbase.dll
0x00007ffd2d3b0000 - 0x00007ffd2d3c9000 	C:\Program Files\Java\jdk-16.0.2\bin\VCRUNTIME140.dll
0x00007ffdb4700000 - 0x00007ffdb4718000 	C:\Program Files\Java\jdk-16.0.2\bin\jli.dll
0x00007ffdb9610000 - 0x00007ffdb96be000 	C:\WINDOWS\System32\ADVAPI32.dll
0x00007ffdb82f0000 - 0x00007ffdb8393000 	C:\WINDOWS\System32\msvcrt.dll
0x00007ffdb90e0000 - 0x00007ffdb917e000 	C:\WINDOWS\System32\sechost.dll
0x00007ffdb96c0000 - 0x00007ffdb97e0000 	C:\WINDOWS\System32\RPCRT4.dll
0x00007ffdb7ef0000 - 0x00007ffdb809d000 	C:\WINDOWS\System32\USER32.dll
0x00007ffdb79e0000 - 0x00007ffdb7a06000 	C:\WINDOWS\System32\win32u.dll
0x00007ffda5f40000 - 0x00007ffda61e5000 	C:\WINDOWS\WinSxS\amd64_microsoft.windows.common-controls_6595b64144ccf1df_6.0.22000.120_none_9d947278b86cc467\COMCTL32.dll
0x00007ffdb82c0000 - 0x00007ffdb82e9000 	C:\WINDOWS\System32\GDI32.dll
0x00007ffdb7540000 - 0x00007ffdb7658000 	C:\WINDOWS\System32\gdi32full.dll
0x00007ffdb7d30000 - 0x00007ffdb7dcd000 	C:\WINDOWS\System32\msvcp_win.dll
0x00007ffdb31d0000 - 0x00007ffdb31da000 	C:\WINDOWS\SYSTEM32\VERSION.dll
0x00007ffdb99a0000 - 0x00007ffdb99d1000 	C:\WINDOWS\System32\IMM32.DLL
0x00007ffd93fd0000 - 0x00007ffd93fdc000 	C:\Program Files\Java\jdk-16.0.2\bin\vcruntime140_1.dll
0x00007ffd2d050000 - 0x00007ffd2d0e1000 	C:\Program Files\Java\jdk-16.0.2\bin\msvcp140.dll
0x00007ffd2d3d0000 - 0x00007ffd2df7b000 	C:\Program Files\Java\jdk-16.0.2\bin\server\jvm.dll
0x00007ffdb8610000 - 0x00007ffdb8618000 	C:\WINDOWS\System32\PSAPI.DLL
0x00007ffdb0f70000 - 0x00007ffdb0fa3000 	C:\WINDOWS\SYSTEM32\WINMM.dll
0x00007ffd833e0000 - 0x00007ffd833e9000 	C:\WINDOWS\SYSTEM32\WSOCK32.dll
0x00007ffdb85a0000 - 0x00007ffdb860f000 	C:\WINDOWS\System32\WS2_32.dll
0x00007ffdb6640000 - 0x00007ffdb6658000 	C:\WINDOWS\SYSTEM32\kernel.appcore.dll
0x00007ffd93070000 - 0x00007ffd9307a000 	C:\Program Files\Java\jdk-16.0.2\bin\jimage.dll
0x00007ffdaf170000 - 0x00007ffdaf391000 	C:\WINDOWS\SYSTEM32\DBGHELP.DLL
0x00007ffdaf130000 - 0x00007ffdaf161000 	C:\WINDOWS\SYSTEM32\dbgcore.DLL
0x00007ffdb7bf0000 - 0x00007ffdb7c6f000 	C:\WINDOWS\System32\bcryptPrimitives.dll
0x00007ffd2d340000 - 0x00007ffd2d365000 	C:\Program Files\Java\jdk-16.0.2\bin\java.dll
0x00007ffdb8910000 - 0x00007ffdb90c8000 	C:\WINDOWS\System32\SHELL32.dll
0x00007ffdb56b0000 - 0x00007ffdb5f18000 	C:\WINDOWS\SYSTEM32\windows.storage.dll
0x00007ffdb9230000 - 0x00007ffdb95a9000 	C:\WINDOWS\System32\combase.dll
0x00007ffdb5540000 - 0x00007ffdb56a6000 	C:\WINDOWS\SYSTEM32\wintypes.dll
0x00007ffdb9e50000 - 0x00007ffdb9f3a000 	C:\WINDOWS\System32\SHCORE.dll
0x00007ffdb95b0000 - 0x00007ffdb960d000 	C:\WINDOWS\System32\shlwapi.dll
0x00007ffdb7470000 - 0x00007ffdb7491000 	C:\WINDOWS\SYSTEM32\profapi.dll
0x00007ffd2d320000 - 0x00007ffd2d339000 	C:\Program Files\Java\jdk-16.0.2\bin\net.dll
0x00007ffdae3c0000 - 0x00007ffdae4cc000 	C:\WINDOWS\SYSTEM32\WINHTTP.dll
0x00007ffdb6a70000 - 0x00007ffdb6ad7000 	C:\WINDOWS\system32\mswsock.dll
0x00007ffd2d300000 - 0x00007ffd2d313000 	C:\Program Files\Java\jdk-16.0.2\bin\nio.dll
0x00007ffd2d270000 - 0x00007ffd2d288000 	C:\Program Files\Java\jdk-16.0.2\bin\zip.dll
0x00007ffd2d0f0000 - 0x00007ffd2d270000 	C:\Program Files\Java\jdk-16.0.2\bin\awt.dll
0x00007ffdb9f40000 - 0x00007ffdba016000 	C:\WINDOWS\System32\OLEAUT32.dll
0x00007ffdb4870000 - 0x00007ffdb4901000 	C:\WINDOWS\SYSTEM32\apphelp.dll
0x00007ffdb5050000 - 0x00007ffdb50fc000 	C:\WINDOWS\system32\uxtheme.dll
0x00007ffdb8680000 - 0x00007ffdb879e000 	C:\WINDOWS\System32\MSCTF.dll
0x00007ffdb80a0000 - 0x00007ffdb823a000 	C:\WINDOWS\System32\ole32.dll
0x00007ffdb5290000 - 0x00007ffdb52bf000 	C:\WINDOWS\system32\DWMAPI.DLL
0x00007ffd2cfc0000 - 0x00007ffd2d049000 	C:\Program Files\Java\jdk-16.0.2\bin\freetype.dll
0x00007ffd2cec0000 - 0x00007ffd2cfb6000 	C:\Program Files\Java\jdk-16.0.2\bin\harfbuzz.dll
0x00007ffd2cea0000 - 0x00007ffd2ceb2000 	C:\Program Files\Java\jdk-16.0.2\bin\fontmanager.dll
0x00007ffd623a0000 - 0x00007ffd624a1000 	C:\WINDOWS\system32\opengl32.dll
0x00007ffd824e0000 - 0x00007ffd8250d000 	C:\WINDOWS\SYSTEM32\GLU32.dll
0x00007ffdb5130000 - 0x00007ffdb5168000 	C:\WINDOWS\SYSTEM32\dxcore.dll
0x00007ffd891c0000 - 0x00007ffd89366000 	C:\WINDOWS\system32\d3d9.dll
0x00007ffdb0fb0000 - 0x00007ffdb118b000 	C:\WINDOWS\System32\DriverStore\FileRepository\u0356404.inf_amd64_05435d82bc64505f\B355834\aticfx64.dll
0x00007ffdaec40000 - 0x00007ffdaec73000 	C:\WINDOWS\System32\DriverStore\FileRepository\u0356404.inf_amd64_05435d82bc64505f\B355834\atiu9p64.dll
0x00007ffd3d5d0000 - 0x00007ffd3e266000 	C:\WINDOWS\System32\DriverStore\FileRepository\u0356404.inf_amd64_05435d82bc64505f\B355834\atiumd64.dll
0x0000000072da0000 - 0x0000000073c1d000 	C:\WINDOWS\System32\DriverStore\FileRepository\u0356404.inf_amd64_05435d82bc64505f\B355834\atiumd6a.dll
0x00007ffdb7410000 - 0x00007ffdb745d000 	C:\WINDOWS\SYSTEM32\POWRPROF.dll
0x00007ffdb73f0000 - 0x00007ffdb7403000 	C:\WINDOWS\SYSTEM32\UMPDC.dll
0x00007ffdaf560000 - 0x00007ffdaf58f000 	C:\WINDOWS\SYSTEM32\amdihk64.dll
0x00007ffdb4650000 - 0x00007ffdb4694000 	C:\WINDOWS\SYSTEM32\directxdatabasehelper.dll
0x00007ffdb34c0000 - 0x00007ffdb34f4000 	C:\WINDOWS\SYSTEM32\ntmarta.dll
0x00007ffd7e6e0000 - 0x00007ffd7e70d000 	C:\Program Files\Java\jdk-16.0.2\bin\javajpeg.dll
0x00007ffdb8430000 - 0x00007ffdb84df000 	C:\WINDOWS\System32\clbcatq.dll
0x00007ffdb4bf0000 - 0x00007ffdb4d9e000 	C:\WINDOWS\SYSTEM32\WindowsCodecs.dll
0x00007ffd94c70000 - 0x00007ffd94ccd000 	C:\WINDOWS\system32\dataexchange.dll
0x00007ffdb1a30000 - 0x00007ffdb1c96000 	C:\WINDOWS\system32\twinapi.appcore.dll
0x00007ffd9cc30000 - 0x00007ffd9cd5d000 	C:\WINDOWS\SYSTEM32\textinputframework.dll
0x00007ffdb4340000 - 0x00007ffdb4472000 	C:\WINDOWS\SYSTEM32\CoreMessaging.dll
0x00007ffdb2b40000 - 0x00007ffdb2ead000 	C:\WINDOWS\SYSTEM32\CoreUIComponents.dll
0x00007ffdb6cd0000 - 0x00007ffdb6cdc000 	C:\WINDOWS\SYSTEM32\CRYPTBASE.DLL

dbghelp: loaded successfully - version: 4.0.5 - missing functions: none
symbol engine: initialized successfully - sym options: 0x614 - pdb path: .;C:\Program Files\Java\jdk-16.0.2\bin;C:\WINDOWS\SYSTEM32;C:\WINDOWS\WinSxS\amd64_microsoft.windows.common-controls_6595b64144ccf1df_6.0.22000.120_none_9d947278b86cc467;C:\Program Files\Java\jdk-16.0.2\bin\server;C:\WINDOWS\System32\DriverStore\FileRepository\u0356404.inf_amd64_05435d82bc64505f\B355834

VM Arguments:
jvm_args: -Dfile.encoding=UTF-8 --module-path=C:\Users\Vasanth\Documents\NetBeansProjects\Hospitalmanage\build\classes 
java_command: adddiagnosisinformation
java_class_path (initial): C:\Program Files\NetBeans-15\netbeans\java\modules\ext\AbsoluteLayout.jar;C:\Users\Vasanth\Downloads\mysql-connector-java-8.0.30\mysql-connector-java-8.0.30\mysql-connector-java-8.0.30.jar;C:\Users\Vasanth\Downloads\rs2xml.jar;C:\Users\Vasanth\Documents\NetBeansProjects\Hospitalmanage\build\classes
Launcher Type: SUN_STANDARD

[Global flags]
     intx CICompilerCount                          = 3                                         {product} {ergonomic}
     uint ConcGCThreads                            = 1                                         {product} {ergonomic}
     uint G1ConcRefinementThreads                  = 4                                         {product} {ergonomic}
   size_t G1HeapRegionSize                         = 1048576                                   {product} {ergonomic}
    uintx GCDrainStackTargetSize                   = 64                                        {product} {ergonomic}
   size_t InitialHeapSize                          = 58720256                                  {product} {ergonomic}
   size_t MarkStackSize                            = 4194304                                   {product} {ergonomic}
   size_t MaxHeapSize                              = 910163968                                 {product} {ergonomic}
   size_t MaxNewSize                               = 545259520                                 {product} {ergonomic}
   size_t MinHeapDeltaBytes                        = 1048576                                   {product} {ergonomic}
   size_t MinHeapSize                              = 8388608                                   {product} {ergonomic}
    uintx NonNMethodCodeHeapSize                   = 5832780                                {pd product} {ergonomic}
    uintx NonProfiledCodeHeapSize                  = 122912730                              {pd product} {ergonomic}
    uintx ProfiledCodeHeapSize                     = 122912730                              {pd product} {ergonomic}
    uintx ReservedCodeCacheSize                    = 251658240                              {pd product} {ergonomic}
     bool SegmentedCodeCache                       = true                                      {product} {ergonomic}
   size_t SoftMaxHeapSize                          = 910163968                              {manageable} {ergonomic}
     bool UseCompressedClassPointers               = true                           {product lp64_product} {ergonomic}
     bool UseCompressedOops                        = true                           {product lp64_product} {ergonomic}
     bool UseG1GC                                  = true                                      {product} {ergonomic}
     bool UseLargePagesIndividualAllocation        = false                                  {pd product} {ergonomic}

Logging:
Log output configuration:
 #0: stdout all=warning uptime,level,tags
 #1: stderr all=off uptime,level,tags

Environment Variables:
JAVA_HOME=C:\Program Files\Java\jdk-16.0.2
PATH=C:\Program Files\Common Files\Oracle\Java\javapath;C:\Program Files\Java\jdk-16.0.2\bin;C:\Program Files\Python38\Scripts\;C:\Program Files\Python38\;C:\Windows\system32;C:\Windows;C:\Windows\System32\Wbem;C:\Windows\System32\WindowsPowerShell\v1.0\;C:\Windows\System32\OpenSSH\;C:\Program Files\dotnet\;E:\flutter\bin;C:\Users\Vasanth\AppData\Local\Android\Sdk\platforms;C:\Users\Vasanth\AppData\Local\Android\Sdk\platform-tools;;%SystemRoot%\system32;%SystemRoot%;%SystemRoot%\System32\Wbem;%SYSTEMROOT%\System32\WindowsPowerShell\v1.0\;%SYSTEMROOT%\System32\OpenSSH\;C:\Program Files\MySQL\MySQL Shell 8.0\bin\;E:\flutter\bin;C:\Users\Vasanth\AppData\Local\Programs\Microsoft VS Code\bin;C:\Users\Vasanth\AppData\Local\Microsoft\WindowsApps;
USERNAME=Vasanth
OS=Windows_NT
PROCESSOR_IDENTIFIER=AMD64 Family 23 Model 24 Stepping 1, AuthenticAMD



---------------  S Y S T E M  ---------------

OS:
 Windows 10 , 64 bit Build 22000 (10.0.22000.708)
OS uptime: 10 days 1:03 hours

CPU: total 4 (initial active 4) (4 cores per cpu, 2 threads per core) family 23 model 24 stepping 1 microcode 0x0, cx8, cmov, fxsr, ht, mmx, 3dnowpref, sse, sse2, sse3, ssse3, sse4a, sse4.1, sse4.2, popcnt, lzcnt, tsc, tscinvbit, avx, avx2, aes, clmul, bmi1, bmi2, adx, sha, fma, vzeroupper, clflush, clflushopt

Memory: 4k page, system-wide physical 3470M (251M free)
TotalPageFile size 14222M (AvailPageFile size 0M)
current process WorkingSet (physical memory assigned to process): 104M, peak: 104M
current process commit charge ("private bytes"): 192M, peak: 192M

vm_info: Java HotSpot(TM) 64-Bit Server VM (16.0.2+7-67) for windows-amd64 JRE (16.0.2+7-67), built on Jun  8 2021 23:24:19 by "mach5one" with MS VC++ 16.7 (VS2019)

END.
